<?xml version="1.0" encoding="UTF-8"?>
<testsuite xmlns:xsi="http://www.w3.org/2001/XMLSchema-instance" xsi:noNamespaceSchemaLocation="https://maven.apache.org/surefire/maven-surefire-plugin/xsd/surefire-test-report-3.0.xsd" version="3.0" name="com.parkingmanager.parkingmanager.ParkingmanagerApplicationTests" time="3.274" tests="1" errors="0" skipped="0" failures="0">
  <properties>
[...]
</properties>
  <testcase name="contextLoads" classname="com.parkingmanager.parkingmanager.ParkingmanagerApplicationTests" time="0.501">
    <system-out><![CDATA[15:00:23.512 [main] INFO org.springframework.test.context.support.AnnotationConfigContextLoaderUtils -- Could not detect default configuration classes for test class [com.parkingmanager.parkingmanager.ParkingmanagerApplicationTests]: ParkingmanagerApplicationTests does not declare any static, non-private, non-final, nested classes annotated with @Configuration.
15:00:23.583 [main] INFO org.springframework.boot.test.context.SpringBootTestContextBootstrapper -- Found @SpringBootConfiguration com.parkingmanager.parkingmanager.ParkingmanagerApplication for test class com.parkingmanager.parkingmanager.ParkingmanagerApplicationTests

  .   ____          _            __ _ _
 /\\ / ___'_ __ _ _(_)_ __  __ _ \ \ \ \
( ( )\___ | '_ | '_| | '_ \/ _` | \ \ \ \
 \\/  ___)| |_)| | | | | || (_| |  ) ) ) )
  '  |____| .__|_| |_|_| |_\__, | / / / /
 =========|_|==============|___/=/_/_/_/
 :: Spring Boot ::                (v3.1.3)

2023-10-06T15:00:23.780+02:00  WARN 11876 --- [           main] ory$DuplicateJsonObjectContextCustomizer : 

Found multiple occurrences of org.json.JSONObject on the class path:

	jar:file:/home/ivorbaricevic/.m2/repository/com/vaadin/external/google/android-json/0.0.20131108.vaadin1/android-json-0.0.20131108.vaadin1.jar!/org/json/JSONObject.class
	jar:file:/home/ivorbaricevic/.m2/repository/org/json/json/20210307/json-20210307.jar!/org/json/JSONObject.class

You may wish to exclude one of them to ensure predictable runtime behavior

2023-10-06T15:00:23.791+02:00  INFO 11876 --- [           main] c.p.p.ParkingmanagerApplicationTests     : Starting ParkingmanagerApplicationTests using Java 19.0.1 with PID 11876 (started by ivorbaricevic in /home/ivorbaricevic/Desktop/parkingmanager API/parkingmanager)
2023-10-06T15:00:23.792+02:00  INFO 11876 --- [           main] c.p.p.ParkingmanagerApplicationTests     : No active profile set, falling back to 1 default profile: "default"
2023-10-06T15:00:24.160+02:00  INFO 11876 --- [           main] .s.d.r.c.RepositoryConfigurationDelegate : Bootstrapping Spring Data MongoDB repositories in DEFAULT mode.
2023-10-06T15:00:24.192+02:00  INFO 11876 --- [           main] .s.d.r.c.RepositoryConfigurationDelegate : Finished Spring Data repository scanning in 29 ms. Found 4 MongoDB repository interfaces.
2023-10-06T15:00:24.455+02:00  INFO 11876 --- [           main] org.mongodb.driver.client                : MongoClient with metadata {"driver": {"name": "mongo-java-driver|sync|spring-boot", "version": "4.9.1"}, "os": {"type": "Linux", "name": "Linux", "architecture": "amd64", "version": "5.19.0-76051900-generic"}, "platform": "Java/Oracle Corporation/19.0.1+10-21"} created with settings MongoClientSettings{readPreference=primary, writeConcern=WriteConcern{w=null, wTimeout=null ms, journal=null}, retryWrites=true, retryReads=true, readConcern=ReadConcern{level=null}, credential=null, streamFactoryFactory=null, commandListeners=[], codecRegistry=ProvidersCodecRegistry{codecProviders=[ValueCodecProvider{}, BsonValueCodecProvider{}, DBRefCodecProvider{}, DBObjectCodecProvider{}, DocumentCodecProvider{}, CollectionCodecProvider{}, IterableCodecProvider{}, MapCodecProvider{}, GeoJsonCodecProvider{}, GridFSFileCodecProvider{}, Jsr310CodecProvider{}, JsonObjectCodecProvider{}, BsonCodecProvider{}, EnumCodecProvider{}, com.mongodb.client.model.mql.ExpressionCodecProvider@7e9f2c32, com.mongodb.Jep395RecordCodecProvider@19e0dffe]}, loggerSettings=LoggerSettings{maxDocumentLength=1000}, clusterSettings={hosts=[localhost:27017], srvServiceName=mongodb, mode=SINGLE, requiredClusterType=UNKNOWN, requiredReplicaSetName='null', serverSelector='null', clusterListeners='[]', serverSelectionTimeout='30000 ms', localThreshold='30000 ms'}, socketSettings=SocketSettings{connectTimeoutMS=10000, readTimeoutMS=0, receiveBufferSize=0, sendBufferSize=0}, heartbeatSocketSettings=SocketSettings{connectTimeoutMS=10000, readTimeoutMS=10000, receiveBufferSize=0, sendBufferSize=0}, connectionPoolSettings=ConnectionPoolSettings{maxSize=100, minSize=0, maxWaitTimeMS=120000, maxConnectionLifeTimeMS=0, maxConnectionIdleTimeMS=0, maintenanceInitialDelayMS=0, maintenanceFrequencyMS=60000, connectionPoolListeners=[], maxConnecting=2}, serverSettings=ServerSettings{heartbeatFrequencyMS=10000, minHeartbeatFrequencyMS=500, serverListeners='[]', serverMonitorListeners='[]'}, sslSettings=SslSettings{enabled=false, invalidHostNameAllowed=false, context=null}, applicationName='null', compressorList=[], uuidRepresentation=JAVA_LEGACY, serverApi=null, autoEncryptionSettings=null, contextProvider=null}
2023-10-06T15:00:24.471+02:00  INFO 11876 --- [localhost:27017] org.mongodb.driver.cluster               : Monitor thread successfully connected to server with description ServerDescription{address=localhost:27017, type=STANDALONE, state=CONNECTED, ok=true, minWireVersion=0, maxWireVersion=21, maxDocumentSize=16777216, logicalSessionTimeoutMinutes=30, roundTripTimeNanos=13098611}
----------------------------------
INICIJALIZIRAN PARKING SERVICE
----------------------------------
KRECEM POPUNJAVATI FLOW I RIJEKA PARKING DATA
POCINJEM INICIJALIZIRATI FLOW PARKING DATA
EVO ME U FLOW INIT FUNKCIJI
DATUM UPDATEA JE 2023-10-06 15:00
NASAO SAM FLOW PARKINGE IZ BAZE I SADA IH IDEM INICIJALIZIRATI TO SU: [Parking{id='64fef9675965b43d276b2214', brKamera='1', ipRoutera2='null', ipRoutera3='null', flow='yes', smartRi='null', name='Parking Flow', hoodId='64fa06044672c77de9350cca', lastUpdateTime='null', brojParkinga='3', cijenaParkinga='21', ipRoutera1='192.168.30.108', brojZauzetih='null'}, Parking{id='651fff1f0a735f5ac4e95c09', brKamera='1', ipRoutera2='null', ipRoutera3='null', flow='yes', smartRi='null', name='Flow 2', hoodId='651b0b74ed02da7cc570bd11', lastUpdateTime='null', brojParkinga='13', cijenaParkinga='1', ipRoutera1='192.168.30.106', brojZauzetih='null'}]
ZA FLOW PARKINGParking{id='64fef9675965b43d276b2214', brKamera='1', ipRoutera2='null', ipRoutera3='null', flow='yes', smartRi='null', name='Parking Flow', hoodId='64fa06044672c77de9350cca', lastUpdateTime='null', brojParkinga='3', cijenaParkinga='21', ipRoutera1='192.168.30.108', brojZauzetih='null'}POCINJEM SETATI ID,BROJ ZAZETIH I DATUMZADNJEPROMJENE
U FLOW PARKING DATA SAM DODAO {"id":"64fef9675965b43d276b2214","brojZauzetih":"error","datumZadnjePromjene":"2023-10-06 15:00"}
ZA FLOW PARKINGParking{id='651fff1f0a735f5ac4e95c09', brKamera='1', ipRoutera2='null', ipRoutera3='null', flow='yes', smartRi='null', name='Flow 2', hoodId='651b0b74ed02da7cc570bd11', lastUpdateTime='null', brojParkinga='13', cijenaParkinga='1', ipRoutera1='192.168.30.106', brojZauzetih='null'}POCINJEM SETATI ID,BROJ ZAZETIH I DATUMZADNJEPROMJENE
U FLOW PARKING DATA SAM DODAO {"id":"651fff1f0a735f5ac4e95c09","brojZauzetih":"error","datumZadnjePromjene":"2023-10-06 15:00"}
INICIJALIZIRAO SAM USPJEŠNO FLOW PARKINGE TE IZLAZIM IZ FUNCKIJE
FLOW PARKING DATA JE INICIJALIZIRAN I IZGLEDA OVAKO [{"id":"64fef9675965b43d276b2214","brojZauzetih":"error","datumZadnjePromjene":"2023-10-06 15:00"}, {"id":"651fff1f0a735f5ac4e95c09","brojZauzetih":"error","datumZadnjePromjene":"2023-10-06 15:00"}]
POCINJEM INICIJALIZIRATI RIJEKA PARKING DATA
UŠAO SAMU U FUNKCIJU UPDATERIJEKAPARKING
KRECEM FETHCATI RIJEKA PODATKE
U FUNKCIJI SAM KOJA FETCHA RIJEKA PODATKE
FETHCAO SAM RIJEKA PARKING PODATKE TE SU ONI [{"parking_name":"5. zona","category":"Otvorena parkirali\u0161ta","link":"https:\/\/www.rijeka-plus.hr\/5-zona","parking_data":{"parking_id":108,"parkiralista-ulice":"Grobni\u010dka riva","mparking":708600,"vrijeme_naplate":[{"dani_i_sati":"Radnim danom","vrijeme_start":"07:00:00","vrijeme_kraj":"21:00:00"},{"dani_i_sati":"Subotom","vrijeme_start":"07:00:00","vrijeme_kraj":"14:00:00"}],"cijena":[{"termin":"","cijena":0.8}],"placanje":[{"nacin_placanja":"Na parkirnim automatima isklju\u010divo kovanicama"},{"nacin_placanja":"Kori\u0161tenjem M-parking usluge slanjem SMS poruke putem mobilnih telefona"},{"nacin_placanja":"Ostalim kanalima prodaje: na kioscima iNovina i Tiska, bmove aplikacijom i keks pay uslugom"}],"ogranicenje_vremena":"Neograni\u010deno","napomene":"","info_contact":[{"telefon":"051311401","info_napomene":"Od ponedjeljka do petka 8:00 - 16:00 sati"}]}},{"parking_name":"KBC Kantrida","category":"Gara\u017ee i zatvorena parkirali\u0161ta","link":"https:\/\/www.rijeka-plus.hr\/kbc-kantrida","parking_data":{"parking_id":11,"kapacitet":0,"live_status":false,"status_sustava":"Nema podataka","slobodno":0,"last_update_date":"6.10.2023","last_update_time":"13:00","lokacija":{"lat":45.3248139,"lng":14.4690074},"vrijeme_naplate":false,"cijena":[{"termin":"","cijena":0}],"placanje":false,"ogranicenje_vremena":"na podru\u010dju KBC Kantrida od 01.11.2022.g. nema naplate parkiranja","napomene":"","info_contact":[{"telefon":"051311401","info_napomene":""}]}},{"parking_name":"KBC Su\u0161ak","category":"Gara\u017ee i zatvorena parkirali\u0161ta","link":"https:\/\/www.rijeka-plus.hr\/kbc-susak","parking_data":{"parking_id":10,"kapacitet":0,"live_status":false,"status_sustava":"Nema podataka","slobodno":0,"last_update_date":"6.10.2023","last_update_time":"13:00","lokacija":{"lat":45.3248139,"lng":14.4690074},"vrijeme_naplate":[{"dani_i_sati":"Radnim danom","vrijeme_start":"07:00:00","vrijeme_kraj":"19:00:00"},{"dani_i_sati":"Subotom","vrijeme_start":"07:00:00","vrijeme_kraj":"16:00:00"}],"cijena":[{"termin":"","cijena":1.06},{"termin":"Prvih 30 minuta ukoliko se u tom istom vremenskom periodu vozilom napusti parkirali\u0161te","cijena":0},{"termin":"Za vrijeme provedeno na parkirali\u0161tu od 16.00 do 17.00 sati","cijena":0}],"placanje":[{"nacin_placanja":"Gotovinom ili Maestro, Mastercard, Diners i Visa karticama kod djelatnika Rijeka plusa po o\u010ditanju vrijednosti ulazne bar-kod kartice"}],"ogranicenje_vremena":"neograni\u010deno","napomene":"","info_contact":[{"telefon":"051311401","info_napomene":"Od ponedjeljka do petka 8:00 - 16:00 sati"}]}},{"parking_name":"KBC Rijeka i Podpinjol","category":"Gara\u017ee i zatvorena parkirali\u0161ta","link":"https:\/\/www.rijeka-plus.hr\/kbc-rijeka-i-podpinjol","parking_data":{"parking_id":9,"kapacitet":0,"live_status":false,"status_sustava":"Nema podataka","slobodno":0,"last_update_date":"6.10.2023","last_update_time":"13:00","lokacija":{"lat":45.33227979999999,"lng":14.4300169},"vrijeme_naplate":[{"dani_i_sati":"Radnim danom","vrijeme_start":"07:00:00","vrijeme_kraj":"21:00:00"},{"dani_i_sati":"Subotom","vrijeme_start":"07:00:00","vrijeme_kraj":"16:00:00"}],"cijena":[{"termin":"","cijena":1.06},{"termin":"Prvih 30 minuta ukoliko se u tom istom vremenskom periodu vozilom napusti parkirali\u0161te","cijena":0},{"termin":"Za vrijeme provedeno na parkirali\u0161tu od 16.00 do 17.00 sati","cijena":0}],"placanje":[{"nacin_placanja":"Gotovinom ili Maestro, Mastercard, Diners i Visa karticama kod djelatnika Rijeka plusa po o\u010ditanju vrijednosti ulazne bar-kod kartice"}],"ogranicenje_vremena":"neograni\u010deno","napomene":"","info_contact":[{"telefon":"051311401","info_napomene":"Od ponedjeljka do petka 8:00 - 16:00 sati"}]}},{"parking_name":"Parkirali\u0161te Kre\u0161imirova","category":"Otvorena parkirali\u0161ta","link":"https:\/\/www.rijeka-plus.hr\/parkiraliste-kresimirova","parking_data":{"parking_id":107,"parkiralista-ulice":"Kre\u0161imirova ulica","mparking":708615,"vrijeme_naplate":[{"dani_i_sati":"Radnim danom","vrijeme_start":"07:00:00","vrijeme_kraj":"21:00:00"},{"dani_i_sati":"Subotom","vrijeme_start":"07:00:00","vrijeme_kraj":"14:00:00"}],"cijena":[{"termin":"","cijena":0.8}],"placanje":[{"nacin_placanja":"Na parkirnim automatima isklju\u010divo kovanicama"},{"nacin_placanja":"Kori\u0161tenjem M-parking usluge slanjem SMS poruke putem mobilnih telefona"},{"nacin_placanja":"Ostalim kanalima prodaje: na kioscima iNovina i Tiska, PayDo aplikacijom i keks pay uslugom"}],"ogranicenje_vremena":"Neograni\u010deno","napomene":"Cijena cjelodnevne parkirne karte za parkirali\u0161te Kre\u0161imirova ulica iznosi 6,37 eura.","info_contact":[{"telefon":"051311401","info_napomene":"Od ponedjeljka do petka 8:00 - 16:00 sati"}]}},{"parking_name":"3. zona","category":"Otvorena parkirali\u0161ta","link":"https:\/\/www.rijeka-plus.hr\/3-zona","parking_data":{"parking_id":106,"parkiralista-ulice":"H\u017d \u017dabica i Brajdica","mparking":708513,"vrijeme_naplate":[{"dani_i_sati":"Radnim danom","vrijeme_start":"07:00:00","vrijeme_kraj":"21:00:00"},{"dani_i_sati":"Subotom","vrijeme_start":"07:00:00","vrijeme_kraj":"14:00:00"}],"cijena":[{"termin":"","cijena":0.6}],"placanje":[{"nacin_placanja":"Na parkirnim automatima isklju\u010divo kovanicama"},{"nacin_placanja":"Kori\u0161tenjem M-parking usluge slanjem SMS poruke putem mobilnih telefona"},{"nacin_placanja":"Ostalim kanalima prodaje: na kioscima iNovina i Tiska, PayDo aplikacijom i keks pay uslugom"}],"ogranicenje_vremena":"Cjelodnevno parkiranje","napomene":"Cijena cjelodnevne parkirne karte za 3. zonu iznosi 5,31 eura.","info_contact":[{"telefon":"051311401","info_napomene":"Od ponedjeljka do petka 8:00 - 16:00 sati"}]}},{"parking_name":"2A. zona Rikard Ben\u010di\u0107","category":"Otvorena parkirali\u0161ta","link":"https:\/\/www.rijeka-plus.hr\/2a-zona","parking_data":{"parking_id":105,"parkiralista-ulice":"Rikard Ben\u010di\u0107","mparking":708616,"vrijeme_naplate":[{"dani_i_sati":"Radnim danom","vrijeme_start":"07:00:00","vrijeme_kraj":"21:00:00"},{"dani_i_sati":"Subotom","vrijeme_start":"07:00:00","vrijeme_kraj":"14:00:00"}],"cijena":[{"termin":"","cijena":0.8}],"placanje":[{"nacin_placanja":"Na parkirnim automatima isklju\u010divo kovanicama"},{"nacin_placanja":"Kori\u0161tenjem M-parking usluge slanjem SMS poruke putem mobilnih telefona"},{"nacin_placanja":"Ostalim kanalima prodaje: na kioscima iNovina i Tiska, PayDo aplikacijom i keks pay uslugom"}],"ogranicenje_vremena":"neograni\u010deno","napomene":"","info_contact":[{"telefon":"051311401","info_napomene":"Od ponedjeljka do petka 8:00 - 16:00 sati"}]}},{"parking_name":"2. zona","category":"Otvorena parkirali\u0161ta","link":"https:\/\/www.rijeka-plus.hr\/2-zona","parking_data":{"parking_id":104,"parkiralista-ulice":"Petra Kobeka, Milutina Bara\u010da i Vol\u010di\u0107ev trg;","mparking":708512,"vrijeme_naplate":[{"dani_i_sati":"Radnim danom","vrijeme_start":"07:00:00","vrijeme_kraj":"21:00:00"},{"dani_i_sati":"Subotom","vrijeme_start":"07:00:00","vrijeme_kraj":"14:00:00"}],"cijena":[{"termin":"","cijena":0.5}],"placanje":[{"nacin_placanja":"Na parkirnim automatima isklju\u010divo kovanicama"},{"nacin_placanja":"Kori\u0161tenjem M-parking usluge slanjem SMS poruke putem mobilnih telefona"},{"nacin_placanja":"Ostalim kanalima prodaje: na kioscima iNovina i Tiska, PayDo aplikacijom i keks pay uslugom"}],"ogranicenje_vremena":"neograni\u010deno","napomene":"Cijena cjelodnevne parkirne karte u II. zoni iznosi 4,00 eura. Zona je ozna\u010dena \u017eutom bojom.","info_contact":[{"telefon":"051311401","info_napomene":"Od ponedjeljka do petka 8:00 - 16:00 sati"}]}},{"parking_name":"0B. zona","category":"Otvorena parkirali\u0161ta","link":"https:\/\/www.rijeka-plus.hr\/0b-zona-2","parking_data":{"parking_id":102,"parkiralista-ulice":"Gomila, Slogin Kula","mparking":708614,"vrijeme_naplate":[{"dani_i_sati":"Radnim danom","vrijeme_start":"07:00:00","vrijeme_kraj":"21:00:00"},{"dani_i_sati":"Subotom","vrijeme_start":"07:00:00","vrijeme_kraj":"14:00:00"}],"cijena":[{"termin":"","cijena":1}],"placanje":[{"nacin_placanja":"Na parkirnim automatima isklju\u010divo kovanicama"},{"nacin_placanja":"Kori\u0161tenjem M-parking usluge slanjem SMS poruke putem mobilnih telefona"},{"nacin_placanja":"Ostalim kanalima prodaje: na kioscima iNovina i Tiska, PayDo aplikacijom i keks pay uslugom"}],"ogranicenje_vremena":"neograni\u010deno","napomene":"Cijena cjelodnevne parkirne karte u 0B. zoni iznosi 8,00 eura.","info_contact":[{"telefon":"051311401","info_napomene":"Od ponedjeljka do petka 8:00 - 16:00 sati"}]}},{"parking_name":"1. zona","category":"Otvorena parkirali\u0161ta","link":"https:\/\/www.rijeka-plus.hr\/0b-zona","parking_data":{"parking_id":103,"parkiralista-ulice":"Trg Kralja Tomislava, S. Cindri\u0107a, Ulica Strossmayerova, Trg Ricacarda Zanelle, Cambierieva, Milana Butkovi\u0107a, \u0160kolji\u0107 kod Bazena, Ul. I. Filipovi\u0107a, Ul. I. Marinkovi\u0107a, Pomerio, Trinajsti\u0107eva, Laginjina, Tizianova, Slavi\u0161e Vajnera \u010ci\u010de, Mo\u0161e Albaharija, Ul. I. Rendi\u0107a, Lj. Mate\u0161i\u0107a, Senjskih uskoka, Uspon I. Tomee, Omladinska, M. Smokvine, F. Brentinia, Podhumskih \u017ertava, Studentska, J. Ra\u010di\u0107a, Vodovodna ulica, \u0160etali\u0161te V. Nazora, Potok (ulice S. Von\u010dine, Potok, J. Zavr\u0161nika, Nikole Cara, R.K. Jeretova i Zdenka Petranovi\u0107a), V. Duki\u0107a, Tr\u017enica Zamet, Ulica Bo\u017ee Vidasa, Ulica Podkoludricu, Ulica Franje Ra\u010dkog.","mparking":708511,"vrijeme_naplate":[{"dani_i_sati":"Radnim danom","vrijeme_start":"07:00:00","vrijeme_kraj":"21:00:00"},{"dani_i_sati":"Subotom","vrijeme_start":"07:00:00","vrijeme_kraj":"14:00:00"},{"dani_i_sati":"Tr\u017enica Zamet - radnim danom","vrijeme_start":"00:00:00","vrijeme_kraj":"22:00:00"},{"dani_i_sati":"Podkoludricu - radnim danom","vrijeme_start":"00:00:00","vrijeme_kraj":"22:00:00"}],"cijena":[{"termin":"","cijena":0.6}],"placanje":[{"nacin_placanja":"Na parkirnim automatima isklju\u010divo kovanicama"},{"nacin_placanja":"Kori\u0161tenjem M-parking usluge slanjem SMS poruke putem mobilnih telefona"},{"nacin_placanja":"Ostalim kanalima prodaje: na kioscima iNovina i Tiska, PayDo aplikacijom i keks pay uslugom"}],"ogranicenje_vremena":"neograni\u010deno","napomene":"Cijena cjelodnevne parkirne karte za I.zonu iznosi 4,80 eura. Zona je ozna\u010dena crvenom bojom.","info_contact":[{"telefon":"051311401","info_napomene":"Od ponedjeljka do petka 8:00 - 16:00 sati"}]}},{"parking_name":"0A. zona","category":"Otvorena parkirali\u0161ta","link":"https:\/\/www.rijeka-plus.hr\/0a-zona","parking_data":{"parking_id":101,"parkiralista-ulice":"F.Supila, I.De\u017emana, R.Strohala, Ulica Dolac i \u0160kolski prolaz","mparking":708601,"vrijeme_naplate":[{"dani_i_sati":"Radnim danom","vrijeme_start":"07:00:00","vrijeme_kraj":"21:00:00"},{"dani_i_sati":"Subotom","vrijeme_start":"07:00:00","vrijeme_kraj":"14:00:00"}],"cijena":[{"termin":"","cijena":1.4}],"placanje":[{"nacin_placanja":"Na parkirnim automatima isklju\u010divo kovanicama"},{"nacin_placanja":"Kori\u0161tenjem M-parking usluge slanjem SMS poruke putem mobilnih telefona"},{"nacin_placanja":"Ostalim kanalima prodaje: na kioscima iNovina i Tiska, PayDo aplikacijom i keks pay uslugom"}],"ogranicenje_vremena":"2","napomene":"Zona je ozna\u010dena bijelom bojom","info_contact":[{"telefon":"051311401","info_napomene":"Od ponedjeljka do petka 8:00 - 16:00 sati"}]}},{"parking_name":"0. zona","category":"Otvorena parkirali\u0161ta","link":"https:\/\/www.rijeka-plus.hr\/0-zona","parking_data":{"parking_id":100,"parkiralista-ulice":"Tr\u017enica (Ulica Riva Boduli, Senjsko pristani\u0161te, Verdijeva, Zagreba\u010dka, Demetrova, Mata\u010di\u0107eva, Wenzelova), Aldo Colonello, Jela\u010di\u0107ev trg, Zadarska ulica, \u017drtava fa\u0161izma, E.Bar\u010di\u0107a, M.Gupca, Veslarska, I. Zajca, Splitska, Ciottina ulica, \u0160kolji\u0107 - ulica i \u0160kolji\u0107 II;","mparking":708510,"vrijeme_naplate":[{"dani_i_sati":"Radnim danom","vrijeme_start":"07:00:00","vrijeme_kraj":"21:00:00"},{"dani_i_sati":"Subotom","vrijeme_start":"07:00:00","vrijeme_kraj":"14:00:00"},{"dani_i_sati":"Gradska tr\u017enica - nedjeljom","vrijeme_start":"07:00:00","vrijeme_kraj":"12:00:00"}],"cijena":[{"termin":"","cijena":1}],"placanje":[{"nacin_placanja":"Na parkirnim automatima isklju\u010divo kovanicama "},{"nacin_placanja":"Kori\u0161tenjem M-parking usluge slanjem SMS poruke putem mobilnih telefona"},{"nacin_placanja":"Ostalim kanalima prodaje: na kioscima iNovina i Tiska, bmove aplikacijom i keks pay uslugom"}],"ogranicenje_vremena":"2","napomene":"Zona je ozna\u010dena plavom bojom","info_contact":[{"telefon":"051311401","info_napomene":"Od ponedjeljka do petka 8:00 - 16:00 sati"}]}},{"parking_name":"Javna gara\u017ea Bazeni Kantrida","category":"Gara\u017ee i zatvorena parkirali\u0161ta","link":"https:\/\/www.rijeka-plus.hr\/javna-garaza-bazeni-kantrida","parking_data":{"parking_id":7,"kapacitet":154,"slobodno":108,"status_sustava":"OK","live_status":true,"last_update_date":"6.10.2023","last_update_time":"14:56","lokacija":{"lat":45.34126446667749,"lng":14.373233914375305},"vrijeme_naplate":[{"dani_i_sati":"Naplata parkiranja vr\u0161i se:","vrijeme_start":"00:00:00","vrijeme_kraj":"00:00:00"}],"cijena":[{"termin":"Cijena parkiranja od 1. lipnja do 31. kolovoza","cijena":0.6},{"termin":"Cijena parkiranja od 1. rujna do 31. svibnja","cijena":0.5}],"placanje":[{"nacin_placanja":"kovanicama i nov\u010danicama na automatskim blagajnama"},{"nacin_placanja":"Maestro, Mastercard, Diners i Visa karticom na automatskim blagajnama"}],"ogranicenje_vremena":"neograni\u010deno","napomene":"Naplata je mogu\u0107a isklju\u010divo putem automatske blagajne. Za sva eventualna pitanja i nejasno\u0107e korisnicima je na raspolaganju djelatnik Rijeka plusa na naplatnoj ku\u0107ici (tel.: +385 91 435 2507).","info_contact":[{"telefon":"051311401","info_napomene":"Od ponedjeljka do petka 8:00 - 16:00 sati"}]}},{"parking_name":"Gara\u017ea Zagrad B","category":"Gara\u017ee i zatvorena parkirali\u0161ta","link":"https:\/\/www.rijeka-plus.hr\/garaza-zagrad-b","parking_data":{"parking_id":5,"kapacitet":298,"slobodno":25,"status_sustava":"OK","live_status":true,"last_update_date":"6.10.2023","last_update_time":"14:59","lokacija":{"lat":45.32954813682967,"lng":14.439484477043152},"vrijeme_naplate":[{"dani_i_sati":"Radnim danom, subotom, nedjeljom i blagdanom:","vrijeme_start":"00:00:00","vrijeme_kraj":"00:00:00"}],"cijena":[{"termin":"Radnim danom i subotom od 7 do 18 sati:","cijena":0.8},{"termin":"Svaki tre\u0107i i idu\u0107i sat:","cijena":0.4},{"termin":"U vremenu od 18 do 7 sati, nedjeljom i blagdanom:","cijena":0.4}],"placanje":[{"nacin_placanja":"kovanicama i nov\u010danicama na automatskim blagajnama"},{"nacin_placanja":"Maestro, Mastercard, Diners i Visa karticom na automatskim blagajnama"}],"ogranicenje_vremena":"neograni\u010deno","napomene":"","info_contact":[{"telefon":"051311401","info_napomene":"Od ponedjeljka do petka 8:00 - 16:00 sati"}]}},{"parking_name":"Gara\u017ea u Ciottinoj ulici","category":"Gara\u017ee i zatvorena parkirali\u0161ta","link":"https:\/\/www.rijeka-plus.hr\/garaza-u-ciottinoj-ulici","parking_data":{"parking_id":4,"kapacitet":86,"slobodno":1,"status_sustava":"OK","live_status":true,"last_update_date":"6.10.2023","last_update_time":"14:58","lokacija":{"lat":45.32948025273559,"lng":14.436319470405579},"vrijeme_naplate":[{"dani_i_sati":"Radnim danom, subotom, nedjeljom i blagdanom:","vrijeme_start":"00:00:00","vrijeme_kraj":"00:00:00"}],"cijena":[{"termin":"Radnim danom i subotom od 7 do 18 sati","cijena":1},{"termin":"Radnim danom i subotom od 18 do 7 sati, nedjeljom i blagdanom","cijena":0.5}],"placanje":[{"nacin_placanja":"kovanicama i nov\u010danicama na automatskim blagajnama"},{"nacin_placanja":"karticama Visa, Maestro i Mastercard na automatskim blagajnama"}],"ogranicenje_vremena":"neograni\u010deno","napomene":"Prilikom ulaska na parkirali\u0161te, na izdanoj parkirnoj kartici s automata ispisuje se registarska oznaka vozila. Nakon pla\u0107anja na automatskoj blagajni, prilikom izlaska s parkirali\u0161ta i umetanjem kartice u \u010dita\u010d, rampa prepoznaje registarsku oznaku, te se automatski di\u017ee.","info_contact":[{"telefon":"051311401","info_napomene":"Od ponedjeljka do petka 8:00 - 16:00 sati"}]}},{"parking_name":"Parkirali\u0161te \u0160kolji\u0107","category":"Gara\u017ee i zatvorena parkirali\u0161ta","link":"https:\/\/www.rijeka-plus.hr\/parkiraliste-skoljic","parking_data":{"parking_id":3,"kapacitet":164,"slobodno":0,"status_sustava":"OK","live_status":true,"last_update_date":"6.10.2023","last_update_time":"15:00","lokacija":{"lat":45.32840641377046,"lng":14.447284206151574},"vrijeme_naplate":[{"dani_i_sati":"Radnim danom:","vrijeme_start":"07:00:00","vrijeme_kraj":"21:00:00"},{"dani_i_sati":"Subotom:","vrijeme_start":"07:00:00","vrijeme_kraj":"14:00:00"}],"cijena":[{"termin":"","cijena":0.8}],"placanje":[{"nacin_placanja":"kovanicama i nov\u010danicama na automatskim blagajnama"},{"nacin_placanja":"Mastercard, Maestro, Visa i Diners karticama"}],"ogranicenje_vremena":"neograni\u010deno","napomene":"","info_contact":[{"telefon":"051311401","info_napomene":"Od ponedjeljka do petka 8:00 - 16:00 sati"}]}},{"parking_name":"Parkirali\u0161te Delta","category":"Gara\u017ee i zatvorena parkirali\u0161ta","link":"https:\/\/www.rijeka-plus.hr\/parkiraliste-delta","parking_data":{"parking_id":2,"kapacitet":496,"slobodno":0,"status_sustava":"OK","live_status":true,"last_update_date":"6.10.2023","last_update_time":"14:59","lokacija":{"lat":45.324797337423206,"lng":14.447196603210433},"vrijeme_naplate":[{"dani_i_sati":"Radnim danom:","vrijeme_start":"07:00:00","vrijeme_kraj":"21:00:00"},{"dani_i_sati":"Subotom:","vrijeme_start":"07:00:00","vrijeme_kraj":"14:00:00"}],"cijena":[{"termin":"","cijena":0.8}],"placanje":[{"nacin_placanja":"kovanicama i nov\u010danicama na automatskim blagajnama"},{"nacin_placanja":"gotovinom kod djelatnika"},{"nacin_placanja":"Maestro, Mastercard, Diners i Visa karticom kod djelatnika"}],"ogranicenje_vremena":"neograni\u010deno","napomene":"Blagajna radi do 21:30 sati. Kamperi parkirnu naknadu pla\u0107aju od 0-24. Cijena iznosi 3,05 eura po satu.","info_contact":[{"telefon":"051311401","info_napomene":"Od ponedjeljka do petka 8:00 - 16:00 sati"}]}},{"parking_name":"Parkirali\u0161te Putni\u010dka obala","category":"Gara\u017ee i zatvorena parkirali\u0161ta","link":"https:\/\/www.rijeka-plus.hr\/parkiraliste-putnicka-obala","parking_data":{"parking_id":1,"kapacitet":371,"slobodno":2,"status_sustava":"OK","live_status":true,"last_update_date":"6.10.2023","last_update_time":"14:59","lokacija":{"lat":45.32656407158294,"lng":14.438931763540745},"vrijeme_naplate":[{"dani_i_sati":"Radnim danom i subotom:","vrijeme_start":"07:00:00","vrijeme_kraj":"22:00:00"},{"dani_i_sati":"Nedjeljom:","vrijeme_start":"07:00:00","vrijeme_kraj":"17:00:00"}],"cijena":[{"termin":"","cijena":1}],"placanje":[{"nacin_placanja":"Gotovinom"},{"nacin_placanja":"Maestro, Mastercard, Diners i Visa karticom"}],"ogranicenje_vremena":"neograni\u010deno","napomene":"","info_contact":[{"telefon":"051311401","info_napomene":"Od ponedjeljka do petka 8:00 - 16:00 sati"}]}},{"parking_name":"Javna gara\u017ea Centar Zamet","category":"Gara\u017ee i zatvorena parkirali\u0161ta","link":"https:\/\/www.rijeka-plus.hr\/centar-zamet","parking_data":{"parking_id":6,"kapacitet":232,"slobodno":48,"status_sustava":"OK","live_status":true,"last_update_date":"6.10.2023","last_update_time":"14:59","lokacija":{"lat":45.3445914,"lng":14.3826857},"vrijeme_naplate":[{"dani_i_sati":"Naplata se vr\u0161i od","vrijeme_start":"00:00:00","vrijeme_kraj":"00:00:00"}],"cijena":[{"termin":"","cijena":0.5}],"placanje":[{"nacin_placanja":"kovanicama i nov\u010danicama na automatskim blagajnama"}],"ogranicenje_vremena":"neograni\u010deno","napomene":"Mjese\u010dna povla\u0161tena parkirna karta za fizi\u010dke osobe iznosi 26,54 eura, a za pravne osobe 39,82 eura. Mjese\u010dne parkirne karte se kupuju na lokaciji Jela\u010di\u0107ev trg 3.","info_contact":[{"telefon":"051311401","info_napomene":"Od ponedjeljka do petka 8:00 - 16:00 sati"}]}}]
IZLAZIM IZ UPDATE RIJEKA PARKING FUNKCIJE
RIJEKA PARKING DATA JE INICIJALIZIRANA I IZGLEDA OVAKO [{parking_name=5. zona, category=Otvorena parkirališta, link=https://www.rijeka-plus.hr/5-zona, parking_data={parking_id=108, parkiralista-ulice=Grobnička riva, mparking=708600, vrijeme_naplate=[{dani_i_sati=Radnim danom, vrijeme_start=07:00:00, vrijeme_kraj=21:00:00}, {dani_i_sati=Subotom, vrijeme_start=07:00:00, vrijeme_kraj=14:00:00}], cijena=[{termin=, cijena=0.8}], placanje=[{nacin_placanja=Na parkirnim automatima isključivo kovanicama}, {nacin_placanja=Korištenjem M-parking usluge slanjem SMS poruke putem mobilnih telefona}, {nacin_placanja=Ostalim kanalima prodaje: na kioscima iNovina i Tiska, bmove aplikacijom i keks pay uslugom}], ogranicenje_vremena=Neograničeno, napomene=, info_contact=[{telefon=051311401, info_napomene=Od ponedjeljka do petka 8:00 - 16:00 sati}]}}, {parking_name=KBC Kantrida, category=Garaže i zatvorena parkirališta, link=https://www.rijeka-plus.hr/kbc-kantrida, parking_data={parking_id=11, kapacitet=0, live_status=false, status_sustava=Nema podataka, slobodno=0, last_update_date=6.10.2023, last_update_time=13:00, lokacija={lat=45.3248139, lng=14.4690074}, vrijeme_naplate=false, cijena=[{termin=, cijena=0}], placanje=false, ogranicenje_vremena=na području KBC Kantrida od 01.11.2022.g. nema naplate parkiranja, napomene=, info_contact=[{telefon=051311401, info_napomene=}]}}, {parking_name=KBC Sušak, category=Garaže i zatvorena parkirališta, link=https://www.rijeka-plus.hr/kbc-susak, parking_data={parking_id=10, kapacitet=0, live_status=false, status_sustava=Nema podataka, slobodno=0, last_update_date=6.10.2023, last_update_time=13:00, lokacija={lat=45.3248139, lng=14.4690074}, vrijeme_naplate=[{dani_i_sati=Radnim danom, vrijeme_start=07:00:00, vrijeme_kraj=19:00:00}, {dani_i_sati=Subotom, vrijeme_start=07:00:00, vrijeme_kraj=16:00:00}], cijena=[{termin=, cijena=1.06}, {termin=Prvih 30 minuta ukoliko se u tom istom vremenskom periodu vozilom napusti parkiralište, cijena=0}, {termin=Za vrijeme provedeno na parkiralištu od 16.00 do 17.00 sati, cijena=0}], placanje=[{nacin_placanja=Gotovinom ili Maestro, Mastercard, Diners i Visa karticama kod djelatnika Rijeka plusa po očitanju vrijednosti ulazne bar-kod kartice}], ogranicenje_vremena=neograničeno, napomene=, info_contact=[{telefon=051311401, info_napomene=Od ponedjeljka do petka 8:00 - 16:00 sati}]}}, {parking_name=KBC Rijeka i Podpinjol, category=Garaže i zatvorena parkirališta, link=https://www.rijeka-plus.hr/kbc-rijeka-i-podpinjol, parking_data={parking_id=9, kapacitet=0, live_status=false, status_sustava=Nema podataka, slobodno=0, last_update_date=6.10.2023, last_update_time=13:00, lokacija={lat=45.33227979999999, lng=14.4300169}, vrijeme_naplate=[{dani_i_sati=Radnim danom, vrijeme_start=07:00:00, vrijeme_kraj=21:00:00}, {dani_i_sati=Subotom, vrijeme_start=07:00:00, vrijeme_kraj=16:00:00}], cijena=[{termin=, cijena=1.06}, {termin=Prvih 30 minuta ukoliko se u tom istom vremenskom periodu vozilom napusti parkiralište, cijena=0}, {termin=Za vrijeme provedeno na parkiralištu od 16.00 do 17.00 sati, cijena=0}], placanje=[{nacin_placanja=Gotovinom ili Maestro, Mastercard, Diners i Visa karticama kod djelatnika Rijeka plusa po očitanju vrijednosti ulazne bar-kod kartice}], ogranicenje_vremena=neograničeno, napomene=, info_contact=[{telefon=051311401, info_napomene=Od ponedjeljka do petka 8:00 - 16:00 sati}]}}, {parking_name=Parkiralište Krešimirova, category=Otvorena parkirališta, link=https://www.rijeka-plus.hr/parkiraliste-kresimirova, parking_data={parking_id=107, parkiralista-ulice=Krešimirova ulica, mparking=708615, vrijeme_naplate=[{dani_i_sati=Radnim danom, vrijeme_start=07:00:00, vrijeme_kraj=21:00:00}, {dani_i_sati=Subotom, vrijeme_start=07:00:00, vrijeme_kraj=14:00:00}], cijena=[{termin=, cijena=0.8}], placanje=[{nacin_placanja=Na parkirnim automatima isključivo kovanicama}, {nacin_placanja=Korištenjem M-parking usluge slanjem SMS poruke putem mobilnih telefona}, {nacin_placanja=Ostalim kanalima prodaje: na kioscima iNovina i Tiska, PayDo aplikacijom i keks pay uslugom}], ogranicenje_vremena=Neograničeno, napomene=Cijena cjelodnevne parkirne karte za parkiralište Krešimirova ulica iznosi 6,37 eura., info_contact=[{telefon=051311401, info_napomene=Od ponedjeljka do petka 8:00 - 16:00 sati}]}}, {parking_name=3. zona, category=Otvorena parkirališta, link=https://www.rijeka-plus.hr/3-zona, parking_data={parking_id=106, parkiralista-ulice=HŽ Žabica i Brajdica, mparking=708513, vrijeme_naplate=[{dani_i_sati=Radnim danom, vrijeme_start=07:00:00, vrijeme_kraj=21:00:00}, {dani_i_sati=Subotom, vrijeme_start=07:00:00, vrijeme_kraj=14:00:00}], cijena=[{termin=, cijena=0.6}], placanje=[{nacin_placanja=Na parkirnim automatima isključivo kovanicama}, {nacin_placanja=Korištenjem M-parking usluge slanjem SMS poruke putem mobilnih telefona}, {nacin_placanja=Ostalim kanalima prodaje: na kioscima iNovina i Tiska, PayDo aplikacijom i keks pay uslugom}], ogranicenje_vremena=Cjelodnevno parkiranje, napomene=Cijena cjelodnevne parkirne karte za 3. zonu iznosi 5,31 eura., info_contact=[{telefon=051311401, info_napomene=Od ponedjeljka do petka 8:00 - 16:00 sati}]}}, {parking_name=2A. zona Rikard Benčić, category=Otvorena parkirališta, link=https://www.rijeka-plus.hr/2a-zona, parking_data={parking_id=105, parkiralista-ulice=Rikard Benčić, mparking=708616, vrijeme_naplate=[{dani_i_sati=Radnim danom, vrijeme_start=07:00:00, vrijeme_kraj=21:00:00}, {dani_i_sati=Subotom, vrijeme_start=07:00:00, vrijeme_kraj=14:00:00}], cijena=[{termin=, cijena=0.8}], placanje=[{nacin_placanja=Na parkirnim automatima isključivo kovanicama}, {nacin_placanja=Korištenjem M-parking usluge slanjem SMS poruke putem mobilnih telefona}, {nacin_placanja=Ostalim kanalima prodaje: na kioscima iNovina i Tiska, PayDo aplikacijom i keks pay uslugom}], ogranicenje_vremena=neograničeno, napomene=, info_contact=[{telefon=051311401, info_napomene=Od ponedjeljka do petka 8:00 - 16:00 sati}]}}, {parking_name=2. zona, category=Otvorena parkirališta, link=https://www.rijeka-plus.hr/2-zona, parking_data={parking_id=104, parkiralista-ulice=Petra Kobeka, Milutina Barača i Volčićev trg;, mparking=708512, vrijeme_naplate=[{dani_i_sati=Radnim danom, vrijeme_start=07:00:00, vrijeme_kraj=21:00:00}, {dani_i_sati=Subotom, vrijeme_start=07:00:00, vrijeme_kraj=14:00:00}], cijena=[{termin=, cijena=0.5}], placanje=[{nacin_placanja=Na parkirnim automatima isključivo kovanicama}, {nacin_placanja=Korištenjem M-parking usluge slanjem SMS poruke putem mobilnih telefona}, {nacin_placanja=Ostalim kanalima prodaje: na kioscima iNovina i Tiska, PayDo aplikacijom i keks pay uslugom}], ogranicenje_vremena=neograničeno, napomene=Cijena cjelodnevne parkirne karte u II. zoni iznosi 4,00 eura. Zona je označena žutom bojom., info_contact=[{telefon=051311401, info_napomene=Od ponedjeljka do petka 8:00 - 16:00 sati}]}}, {parking_name=0B. zona, category=Otvorena parkirališta, link=https://www.rijeka-plus.hr/0b-zona-2, parking_data={parking_id=102, parkiralista-ulice=Gomila, Slogin Kula, mparking=708614, vrijeme_naplate=[{dani_i_sati=Radnim danom, vrijeme_start=07:00:00, vrijeme_kraj=21:00:00}, {dani_i_sati=Subotom, vrijeme_start=07:00:00, vrijeme_kraj=14:00:00}], cijena=[{termin=, cijena=1}], placanje=[{nacin_placanja=Na parkirnim automatima isključivo kovanicama}, {nacin_placanja=Korištenjem M-parking usluge slanjem SMS poruke putem mobilnih telefona}, {nacin_placanja=Ostalim kanalima prodaje: na kioscima iNovina i Tiska, PayDo aplikacijom i keks pay uslugom}], ogranicenje_vremena=neograničeno, napomene=Cijena cjelodnevne parkirne karte u 0B. zoni iznosi 8,00 eura., info_contact=[{telefon=051311401, info_napomene=Od ponedjeljka do petka 8:00 - 16:00 sati}]}}, {parking_name=1. zona, category=Otvorena parkirališta, link=https://www.rijeka-plus.hr/0b-zona, parking_data={parking_id=103, parkiralista-ulice=Trg Kralja Tomislava, S. Cindrića, Ulica Strossmayerova, Trg Ricacarda Zanelle, Cambierieva, Milana Butkovića, Školjić kod Bazena, Ul. I. Filipovića, Ul. I. Marinkovića, Pomerio, Trinajstićeva, Laginjina, Tizianova, Slaviše Vajnera Čiče, Moše Albaharija, Ul. I. Rendića, Lj. Matešića, Senjskih uskoka, Uspon I. Tomee, Omladinska, M. Smokvine, F. Brentinia, Podhumskih žrtava, Studentska, J. Račića, Vodovodna ulica, Šetalište V. Nazora, Potok (ulice S. Vončine, Potok, J. Završnika, Nikole Cara, R.K. Jeretova i Zdenka Petranovića), V. Dukića, Tržnica Zamet, Ulica Bože Vidasa, Ulica Podkoludricu, Ulica Franje Račkog., mparking=708511, vrijeme_naplate=[{dani_i_sati=Radnim danom, vrijeme_start=07:00:00, vrijeme_kraj=21:00:00}, {dani_i_sati=Subotom, vrijeme_start=07:00:00, vrijeme_kraj=14:00:00}, {dani_i_sati=Tržnica Zamet - radnim danom, vrijeme_start=00:00:00, vrijeme_kraj=22:00:00}, {dani_i_sati=Podkoludricu - radnim danom, vrijeme_start=00:00:00, vrijeme_kraj=22:00:00}], cijena=[{termin=, cijena=0.6}], placanje=[{nacin_placanja=Na parkirnim automatima isključivo kovanicama}, {nacin_placanja=Korištenjem M-parking usluge slanjem SMS poruke putem mobilnih telefona}, {nacin_placanja=Ostalim kanalima prodaje: na kioscima iNovina i Tiska, PayDo aplikacijom i keks pay uslugom}], ogranicenje_vremena=neograničeno, napomene=Cijena cjelodnevne parkirne karte za I.zonu iznosi 4,80 eura. Zona je označena crvenom bojom., info_contact=[{telefon=051311401, info_napomene=Od ponedjeljka do petka 8:00 - 16:00 sati}]}}, {parking_name=0A. zona, category=Otvorena parkirališta, link=https://www.rijeka-plus.hr/0a-zona, parking_data={parking_id=101, parkiralista-ulice=F.Supila, I.Dežmana, R.Strohala, Ulica Dolac i Školski prolaz, mparking=708601, vrijeme_naplate=[{dani_i_sati=Radnim danom, vrijeme_start=07:00:00, vrijeme_kraj=21:00:00}, {dani_i_sati=Subotom, vrijeme_start=07:00:00, vrijeme_kraj=14:00:00}], cijena=[{termin=, cijena=1.4}], placanje=[{nacin_placanja=Na parkirnim automatima isključivo kovanicama}, {nacin_placanja=Korištenjem M-parking usluge slanjem SMS poruke putem mobilnih telefona}, {nacin_placanja=Ostalim kanalima prodaje: na kioscima iNovina i Tiska, PayDo aplikacijom i keks pay uslugom}], ogranicenje_vremena=2, napomene=Zona je označena bijelom bojom, info_contact=[{telefon=051311401, info_napomene=Od ponedjeljka do petka 8:00 - 16:00 sati}]}}, {parking_name=0. zona, category=Otvorena parkirališta, link=https://www.rijeka-plus.hr/0-zona, parking_data={parking_id=100, parkiralista-ulice=Tržnica (Ulica Riva Boduli, Senjsko pristanište, Verdijeva, Zagrebačka, Demetrova, Matačićeva, Wenzelova), Aldo Colonello, Jelačićev trg, Zadarska ulica, Žrtava fašizma, E.Barčića, M.Gupca, Veslarska, I. Zajca, Splitska, Ciottina ulica, Školjić - ulica i Školjić II;, mparking=708510, vrijeme_naplate=[{dani_i_sati=Radnim danom, vrijeme_start=07:00:00, vrijeme_kraj=21:00:00}, {dani_i_sati=Subotom, vrijeme_start=07:00:00, vrijeme_kraj=14:00:00}, {dani_i_sati=Gradska tržnica - nedjeljom, vrijeme_start=07:00:00, vrijeme_kraj=12:00:00}], cijena=[{termin=, cijena=1}], placanje=[{nacin_placanja=Na parkirnim automatima isključivo kovanicama }, {nacin_placanja=Korištenjem M-parking usluge slanjem SMS poruke putem mobilnih telefona}, {nacin_placanja=Ostalim kanalima prodaje: na kioscima iNovina i Tiska, bmove aplikacijom i keks pay uslugom}], ogranicenje_vremena=2, napomene=Zona je označena plavom bojom, info_contact=[{telefon=051311401, info_napomene=Od ponedjeljka do petka 8:00 - 16:00 sati}]}}, {parking_name=Javna garaža Bazeni Kantrida, category=Garaže i zatvorena parkirališta, link=https://www.rijeka-plus.hr/javna-garaza-bazeni-kantrida, parking_data={parking_id=7, kapacitet=154, slobodno=108, status_sustava=OK, live_status=true, last_update_date=6.10.2023, last_update_time=14:56, lokacija={lat=45.34126446667749, lng=14.373233914375305}, vrijeme_naplate=[{dani_i_sati=Naplata parkiranja vrši se:, vrijeme_start=00:00:00, vrijeme_kraj=00:00:00}], cijena=[{termin=Cijena parkiranja od 1. lipnja do 31. kolovoza, cijena=0.6}, {termin=Cijena parkiranja od 1. rujna do 31. svibnja, cijena=0.5}], placanje=[{nacin_placanja=kovanicama i novčanicama na automatskim blagajnama}, {nacin_placanja=Maestro, Mastercard, Diners i Visa karticom na automatskim blagajnama}], ogranicenje_vremena=neograničeno, napomene=Naplata je moguća isključivo putem automatske blagajne. Za sva eventualna pitanja i nejasnoće korisnicima je na raspolaganju djelatnik Rijeka plusa na naplatnoj kućici (tel.: +385 91 435 2507)., info_contact=[{telefon=051311401, info_napomene=Od ponedjeljka do petka 8:00 - 16:00 sati}]}}, {parking_name=Garaža Zagrad B, category=Garaže i zatvorena parkirališta, link=https://www.rijeka-plus.hr/garaza-zagrad-b, parking_data={parking_id=5, kapacitet=298, slobodno=25, status_sustava=OK, live_status=true, last_update_date=6.10.2023, last_update_time=14:59, lokacija={lat=45.32954813682967, lng=14.439484477043152}, vrijeme_naplate=[{dani_i_sati=Radnim danom, subotom, nedjeljom i blagdanom:, vrijeme_start=00:00:00, vrijeme_kraj=00:00:00}], cijena=[{termin=Radnim danom i subotom od 7 do 18 sati:, cijena=0.8}, {termin=Svaki treći i idući sat:, cijena=0.4}, {termin=U vremenu od 18 do 7 sati, nedjeljom i blagdanom:, cijena=0.4}], placanje=[{nacin_placanja=kovanicama i novčanicama na automatskim blagajnama}, {nacin_placanja=Maestro, Mastercard, Diners i Visa karticom na automatskim blagajnama}], ogranicenje_vremena=neograničeno, napomene=, info_contact=[{telefon=051311401, info_napomene=Od ponedjeljka do petka 8:00 - 16:00 sati}]}}, {parking_name=Garaža u Ciottinoj ulici, category=Garaže i zatvorena parkirališta, link=https://www.rijeka-plus.hr/garaza-u-ciottinoj-ulici, parking_data={parking_id=4, kapacitet=86, slobodno=1, status_sustava=OK, live_status=true, last_update_date=6.10.2023, last_update_time=14:58, lokacija={lat=45.32948025273559, lng=14.436319470405579}, vrijeme_naplate=[{dani_i_sati=Radnim danom, subotom, nedjeljom i blagdanom:, vrijeme_start=00:00:00, vrijeme_kraj=00:00:00}], cijena=[{termin=Radnim danom i subotom od 7 do 18 sati, cijena=1}, {termin=Radnim danom i subotom od 18 do 7 sati, nedjeljom i blagdanom, cijena=0.5}], placanje=[{nacin_placanja=kovanicama i novčanicama na automatskim blagajnama}, {nacin_placanja=karticama Visa, Maestro i Mastercard na automatskim blagajnama}], ogranicenje_vremena=neograničeno, napomene=Prilikom ulaska na parkiralište, na izdanoj parkirnoj kartici s automata ispisuje se registarska oznaka vozila. Nakon plaćanja na automatskoj blagajni, prilikom izlaska s parkirališta i umetanjem kartice u čitač, rampa prepoznaje registarsku oznaku, te se automatski diže., info_contact=[{telefon=051311401, info_napomene=Od ponedjeljka do petka 8:00 - 16:00 sati}]}}, {parking_name=Parkiralište Školjić, category=Garaže i zatvorena parkirališta, link=https://www.rijeka-plus.hr/parkiraliste-skoljic, parking_data={parking_id=3, kapacitet=164, slobodno=0, status_sustava=OK, live_status=true, last_update_date=6.10.2023, last_update_time=15:00, lokacija={lat=45.32840641377046, lng=14.447284206151574}, vrijeme_naplate=[{dani_i_sati=Radnim danom:, vrijeme_start=07:00:00, vrijeme_kraj=21:00:00}, {dani_i_sati=Subotom:, vrijeme_start=07:00:00, vrijeme_kraj=14:00:00}], cijena=[{termin=, cijena=0.8}], placanje=[{nacin_placanja=kovanicama i novčanicama na automatskim blagajnama}, {nacin_placanja=Mastercard, Maestro, Visa i Diners karticama}], ogranicenje_vremena=neograničeno, napomene=, info_contact=[{telefon=051311401, info_napomene=Od ponedjeljka do petka 8:00 - 16:00 sati}]}}, {parking_name=Parkiralište Delta, category=Garaže i zatvorena parkirališta, link=https://www.rijeka-plus.hr/parkiraliste-delta, parking_data={parking_id=2, kapacitet=496, slobodno=0, status_sustava=OK, live_status=true, last_update_date=6.10.2023, last_update_time=14:59, lokacija={lat=45.324797337423206, lng=14.447196603210433}, vrijeme_naplate=[{dani_i_sati=Radnim danom:, vrijeme_start=07:00:00, vrijeme_kraj=21:00:00}, {dani_i_sati=Subotom:, vrijeme_start=07:00:00, vrijeme_kraj=14:00:00}], cijena=[{termin=, cijena=0.8}], placanje=[{nacin_placanja=kovanicama i novčanicama na automatskim blagajnama}, {nacin_placanja=gotovinom kod djelatnika}, {nacin_placanja=Maestro, Mastercard, Diners i Visa karticom kod djelatnika}], ogranicenje_vremena=neograničeno, napomene=Blagajna radi do 21:30 sati. Kamperi parkirnu naknadu plaćaju od 0-24. Cijena iznosi 3,05 eura po satu., info_contact=[{telefon=051311401, info_napomene=Od ponedjeljka do petka 8:00 - 16:00 sati}]}}, {parking_name=Parkiralište Putnička obala, category=Garaže i zatvorena parkirališta, link=https://www.rijeka-plus.hr/parkiraliste-putnicka-obala, parking_data={parking_id=1, kapacitet=371, slobodno=2, status_sustava=OK, live_status=true, last_update_date=6.10.2023, last_update_time=14:59, lokacija={lat=45.32656407158294, lng=14.438931763540745}, vrijeme_naplate=[{dani_i_sati=Radnim danom i subotom:, vrijeme_start=07:00:00, vrijeme_kraj=22:00:00}, {dani_i_sati=Nedjeljom:, vrijeme_start=07:00:00, vrijeme_kraj=17:00:00}], cijena=[{termin=, cijena=1}], placanje=[{nacin_placanja=Gotovinom}, {nacin_placanja=Maestro, Mastercard, Diners i Visa karticom}], ogranicenje_vremena=neograničeno, napomene=, info_contact=[{telefon=051311401, info_napomene=Od ponedjeljka do petka 8:00 - 16:00 sati}]}}, {parking_name=Javna garaža Centar Zamet, category=Garaže i zatvorena parkirališta, link=https://www.rijeka-plus.hr/centar-zamet, parking_data={parking_id=6, kapacitet=232, slobodno=48, status_sustava=OK, live_status=true, last_update_date=6.10.2023, last_update_time=14:59, lokacija={lat=45.3445914, lng=14.3826857}, vrijeme_naplate=[{dani_i_sati=Naplata se vrši od, vrijeme_start=00:00:00, vrijeme_kraj=00:00:00}], cijena=[{termin=, cijena=0.5}], placanje=[{nacin_placanja=kovanicama i novčanicama na automatskim blagajnama}], ogranicenje_vremena=neograničeno, napomene=Mjesečna povlaštena parkirna karta za fizičke osobe iznosi 26,54 eura, a za pravne osobe 39,82 eura. Mjesečne parkirne karte se kupuju na lokaciji Jelačićev trg 3., info_contact=[{telefon=051311401, info_napomene=Od ponedjeljka do petka 8:00 - 16:00 sati}]}}]
SCHEDULER JE I POZVAN SAM, KRECEM UPDATATI PODATKE
SCEDULER JE I POCINJEM UPDATATI RIJEKA PARKING PODATKE
UŠAO SAMU U FUNKCIJU UPDATERIJEKAPARKING
KRECEM FETHCATI RIJEKA PODATKE
U FUNKCIJI SAM KOJA FETCHA RIJEKA PODATKE
2023-10-06T15:00:26.164+02:00  INFO 11876 --- [           main] c.p.p.ParkingmanagerApplicationTests     : Started ParkingmanagerApplicationTests in 2.507 seconds (process running for 3.135)
]]></system-out>
  </testcase>
</testsuite>